[2024-03-29 19:14:57] local.ERROR: cURL error 6: Could not resolve host: api-.pusher.com (see https://curl.haxx.se/libcurl/c/libcurl-errors.html) for https://api-.pusher.com/apps//events?auth_key=&auth_timestamp=1711739697&auth_version=1.0&body_md5=228c77fee734c81d97a437eb9d6265d6&auth_signature=061fced20e837891222b4a9f77ad96ffa987feb53248313c5e465e7d2c25b1c9 {"userId":5,"exception":"[object] (Pusher\\ApiErrorException(code: 0): cURL error 6: Could not resolve host: api-.pusher.com (see https://curl.haxx.se/libcurl/c/libcurl-errors.html) for https://api-.pusher.com/apps//events?auth_key=&auth_timestamp=1711739697&auth_version=1.0&body_md5=228c77fee734c81d97a437eb9d6265d6&auth_signature=061fced20e837891222b4a9f77ad96ffa987feb53248313c5e465e7d2c25b1c9 at /home/u313622454/domains/grupocasil.com/public_html/nm/vendor/pusher/pusher-php-server/src/Pusher.php:782)
[stacktrace]
#0 /home/u313622454/domains/grupocasil.com/public_html/nm/vendor/pusher/pusher-php-server/src/Pusher.php(440): Pusher\\Pusher->post()
#1 /home/u313622454/domains/grupocasil.com/public_html/nm/vendor/munafio/chatify/src/ChatifyMessenger.php(79): Pusher\\Pusher->trigger()
#2 /home/u313622454/domains/grupocasil.com/public_html/nm/vendor/laravel/framework/src/Illuminate/Support/Facades/Facade.php(353): Chatify\\ChatifyMessenger->push()
#3 /home/u313622454/domains/grupocasil.com/public_html/nm/app/Http/Controllers/vendor/Chatify/MessagesController.php(178): Illuminate\\Support\\Facades\\Facade::__callStatic()
#4 /home/u313622454/domains/grupocasil.com/public_html/nm/vendor/laravel/framework/src/Illuminate/Routing/Controller.php(54): App\\Http\\Controllers\\vendor\\Chatify\\MessagesController->send()
#5 /home/u313622454/domains/grupocasil.com/public_html/nm/vendor/laravel/framework/src/Illuminate/Routing/ControllerDispatcher.php(43): Illuminate\\Routing\\Controller->callAction()
#6 /home/u313622454/domains/grupocasil.com/public_html/nm/vendor/laravel/framework/src/Illuminate/Routing/Route.php(259): Illuminate\\Routing\\ControllerDispatcher->dispatch()
#7 /home/u313622454/domains/grupocasil.com/public_html/nm/vendor/laravel/framework/src/Illuminate/Routing/Route.php(205): Illuminate\\Routing\\Route->runController()
#8 /home/u313622454/domains/grupocasil.com/public_html/nm/vendor/laravel/framework/src/Illuminate/Routing/Router.php(798): Illuminate\\Routing\\Route->run()
#9 /home/u313622454/domains/grupocasil.com/public_html/nm/vendor/laravel/framework/src/Illuminate/Pipeline/Pipeline.php(141): Illuminate\\Routing\\Router->Illuminate\\Routing\\{closure}()
#10 /home/u313622454/domains/grupocasil.com/public_html/nm/app/Http/Middleware/XSS.php(65): Illuminate\\Pipeline\\Pipeline->Illuminate\\Pipeline\\{closure}()
#11 /home/u313622454/domains/grupocasil.com/public_html/nm/vendor/laravel/framework/src/Illuminate/Pipeline/Pipeline.php(180): App\\Http\\Middleware\\XSS->handle()
#12 /home/u313622454/domains/grupocasil.com/public_html/nm/app/Http/Middleware/getPusherSettings.php(31): Illuminate\\Pipeline\\Pipeline->Illuminate\\Pipeline\\{closure}()
#13 /home/u313622454/domains/grupocasil.com/public_html/nm/vendor/laravel/framework/src/Illuminate/Pipeline/Pipeline.php(180): App\\Http\\Middleware\\getPusherSettings->handle()
#14 /home/u313622454/domains/grupocasil.com/public_html/nm/vendor/laravel/framework/src/Illuminate/Routing/Middleware/SubstituteBindings.php(50): Illuminate\\Pipeline\\Pipeline->Illuminate\\Pipeline\\{closure}()
#15 /home/u313622454/domains/grupocasil.com/public_html/nm/vendor/laravel/framework/src/Illuminate/Pipeline/Pipeline.php(180): Illuminate\\Routing\\Middleware\\SubstituteBindings->handle()
#16 /home/u313622454/domains/grupocasil.com/public_html/nm/vendor/laravel/framework/src/Illuminate/Auth/Middleware/Authenticate.php(57): Illuminate\\Pipeline\\Pipeline->Illuminate\\Pipeline\\{closure}()
#17 /home/u313622454/domains/grupocasil.com/public_html/nm/vendor/laravel/framework/src/Illuminate/Pipeline/Pipeline.php(180): Illuminate\\Auth\\Middleware\\Authenticate->handle()
#18 /home/u313622454/domains/grupocasil.com/public_html/nm/vendor/laravel/framework/src/Illuminate/Foundation/Http/Middleware/VerifyCsrfToken.php(78): Illuminate\\Pipeline\\Pipeline->Illuminate\\Pipeline\\{closure}()
#19 /home/u313622454/domains/grupocasil.com/public_html/nm/vendor/laravel/framework/src/Illuminate/Pipeline/Pipeline.php(180): Illuminate\\Foundation\\Http\\Middleware\\VerifyCsrfToken->handle()
#20 /home/u313622454/domains/grupocasil.com/public_html/nm/vendor/laravel/framework/src/Illuminate/View/Middleware/ShareErrorsFromSession.php(49): Illuminate\\Pipeline\\Pipeline->Illuminate\\Pipeline\\{closure}()
#21 /home/u313622454/domains/grupocasil.com/public_html/nm/vendor/laravel/framework/src/Illuminate/Pipeline/Pipeline.php(180): Illuminate\\View\\Middleware\\ShareErrorsFromSession->handle()
#22 /home/u313622454/domains/grupocasil.com/public_html/nm/vendor/laravel/framework/src/Illuminate/Session/Middleware/StartSession.php(121): Illuminate\\Pipeline\\Pipeline->Illuminate\\Pipeline\\{closure}()
#23 /home/u313622454/domains/grupocasil.com/public_html/nm/vendor/laravel/framework/src/Illuminate/Session/Middleware/StartSession.php(64): Illuminate\\Session\\Middleware\\StartSession->handleStatefulRequest()
#24 /home/u313622454/domains/grupocasil.com/public_html/nm/vendor/laravel/framework/src/Illuminate/Pipeline/Pipeline.php(180): Illuminate\\Session\\Middleware\\StartSession->handle()
#25 /home/u313622454/domains/grupocasil.com/public_html/nm/vendor/laravel/framework/src/Illuminate/Cookie/Middleware/AddQueuedCookiesToResponse.php(37): Illuminate\\Pipeline\\Pipeline->Illuminate\\Pipeline\\{closure}()
#26 /home/u313622454/domains/grupocasil.com/public_html/nm/vendor/laravel/framework/src/Illuminate/Pipeline/Pipeline.php(180): Illuminate\\Cookie\\Middleware\\AddQueuedCookiesToResponse->handle()
#27 /home/u313622454/domains/grupocasil.com/public_html/nm/vendor/laravel/framework/src/Illuminate/Cookie/Middleware/EncryptCookies.php(67): Illuminate\\Pipeline\\Pipeline->Illuminate\\Pipeline\\{closure}()
#28 /home/u313622454/domains/grupocasil.com/public_html/nm/vendor/laravel/framework/src/Illuminate/Pipeline/Pipeline.php(180): Illuminate\\Cookie\\Middleware\\EncryptCookies->handle()
#29 /home/u313622454/domains/grupocasil.com/public_html/nm/vendor/laravel/framework/src/Illuminate/Pipeline/Pipeline.php(116): Illuminate\\Pipeline\\Pipeline->Illuminate\\Pipeline\\{closure}()
#30 /home/u313622454/domains/grupocasil.com/public_html/nm/vendor/laravel/framework/src/Illuminate/Routing/Router.php(797): Illuminate\\Pipeline\\Pipeline->then()
#31 /home/u313622454/domains/grupocasil.com/public_html/nm/vendor/laravel/framework/src/Illuminate/Routing/Router.php(776): Illuminate\\Routing\\Router->runRouteWithinStack()
#32 /home/u313622454/domains/grupocasil.com/public_html/nm/vendor/laravel/framework/src/Illuminate/Routing/Router.php(740): Illuminate\\Routing\\Router->runRoute()
#33 /home/u313622454/domains/grupocasil.com/public_html/nm/vendor/laravel/framework/src/Illuminate/Routing/Router.php(729): Illuminate\\Routing\\Router->dispatchToRoute()
#34 /home/u313622454/domains/grupocasil.com/public_html/nm/vendor/laravel/framework/src/Illuminate/Foundation/Http/Kernel.php(200): Illuminate\\Routing\\Router->dispatch()
#35 /home/u313622454/domains/grupocasil.com/public_html/nm/vendor/laravel/framework/src/Illuminate/Pipeline/Pipeline.php(141): Illuminate\\Foundation\\Http\\Kernel->Illuminate\\Foundation\\Http\\{closure}()
#36 /home/u313622454/domains/grupocasil.com/public_html/nm/vendor/barryvdh/laravel-debugbar/src/Middleware/InjectDebugbar.php(59): Illuminate\\Pipeline\\Pipeline->Illuminate\\Pipeline\\{closure}()
#37 /home/u313622454/domains/grupocasil.com/public_html/nm/vendor/laravel/framework/src/Illuminate/Pipeline/Pipeline.php(180): Barryvdh\\Debugbar\\Middleware\\InjectDebugbar->handle()
#38 /home/u313622454/domains/grupocasil.com/public_html/nm/vendor/laravel/framework/src/Illuminate/Foundation/Http/Middleware/TransformsRequest.php(21): Illuminate\\Pipeline\\Pipeline->Illuminate\\Pipeline\\{closure}()
#39 /home/u313622454/domains/grupocasil.com/public_html/nm/vendor/laravel/framework/src/Illuminate/Foundation/Http/Middleware/ConvertEmptyStringsToNull.php(31): Illuminate\\Foundation\\Http\\Middleware\\TransformsRequest->handle()
#40 /home/u313622454/domains/grupocasil.com/public_html/nm/vendor/laravel/framework/src/Illuminate/Pipeline/Pipeline.php(180): Illuminate\\Foundation\\Http\\Middleware\\ConvertEmptyStringsToNull->handle()
#41 /home/u313622454/domains/grupocasil.com/public_html/nm/vendor/laravel/framework/src/Illuminate/Foundation/Http/Middleware/TransformsRequest.php(21): Illuminate\\Pipeline\\Pipeline->Illuminate\\Pipeline\\{closure}()
#42 /home/u313622454/domains/grupocasil.com/public_html/nm/vendor/laravel/framework/src/Illuminate/Foundation/Http/Middleware/TrimStrings.php(40): Illuminate\\Foundation\\Http\\Middleware\\TransformsRequest->handle()
#43 /home/u313622454/domains/grupocasil.com/public_html/nm/vendor/laravel/framework/src/Illuminate/Pipeline/Pipeline.php(180): Illuminate\\Foundation\\Http\\Middleware\\TrimStrings->handle()
#44 /home/u313622454/domains/grupocasil.com/public_html/nm/vendor/laravel/framework/src/Illuminate/Foundation/Http/Middleware/ValidatePostSize.php(27): Illuminate\\Pipeline\\Pipeline->Illuminate\\Pipeline\\{closure}()
#45 /home/u313622454/domains/grupocasil.com/public_html/nm/vendor/laravel/framework/src/Illuminate/Pipeline/Pipeline.php(180): Illuminate\\Foundation\\Http\\Middleware\\ValidatePostSize->handle()
#46 /home/u313622454/domains/grupocasil.com/public_html/nm/vendor/laravel/framework/src/Illuminate/Foundation/Http/Middleware/PreventRequestsDuringMaintenance.php(99): Illuminate\\Pipeline\\Pipeline->Illuminate\\Pipeline\\{closure}()
#47 /home/u313622454/domains/grupocasil.com/public_html/nm/vendor/laravel/framework/src/Illuminate/Pipeline/Pipeline.php(180): Illuminate\\Foundation\\Http\\Middleware\\PreventRequestsDuringMaintenance->handle()
#48 /home/u313622454/domains/grupocasil.com/public_html/nm/vendor/laravel/framework/src/Illuminate/Http/Middleware/TrustProxies.php(39): Illuminate\\Pipeline\\Pipeline->Illuminate\\Pipeline\\{closure}()
#49 /home/u313622454/domains/grupocasil.com/public_html/nm/vendor/laravel/framework/src/Illuminate/Pipeline/Pipeline.php(180): Illuminate\\Http\\Middleware\\TrustProxies->handle()
#50 /home/u313622454/domains/grupocasil.com/public_html/nm/vendor/laravel/framework/src/Illuminate/Pipeline/Pipeline.php(116): Illuminate\\Pipeline\\Pipeline->Illuminate\\Pipeline\\{closure}()
#51 /home/u313622454/domains/grupocasil.com/public_html/nm/vendor/laravel/framework/src/Illuminate/Foundation/Http/Kernel.php(175): Illuminate\\Pipeline\\Pipeline->then()
#52 /home/u313622454/domains/grupocasil.com/public_html/nm/vendor/laravel/framework/src/Illuminate/Foundation/Http/Kernel.php(144): Illuminate\\Foundation\\Http\\Kernel->sendRequestThroughRouter()
#53 /home/u313622454/domains/grupocasil.com/public_html/nm/public/index.php(51): Illuminate\\Foundation\\Http\\Kernel->handle()
#54 /home/u313622454/domains/grupocasil.com/public_html/nm/index.php(21): require_once('/home/u31362245...')
#55 {main}
"} 
[2024-04-02 09:29:21] local.ERROR: Undefined variable $ThemeColor {"view":{"view":"/home/u313622454/domains/grupocasil.com/public_html/nm/resources/views/layouts/contractheader.blade.php","data":[]},"userId":4,"exception":"[object] (Spatie\\LaravelIgnition\\Exceptions\\ViewException(code: 0): Undefined variable $ThemeColor at /home/u313622454/domains/grupocasil.com/public_html/nm/resources/views/layouts/contractheader.blade.php:96)
[stacktrace]
#0 /home/u313622454/domains/grupocasil.com/public_html/nm/vendor/laravel/framework/src/Illuminate/Foundation/Bootstrap/HandleExceptions.php(254): Illuminate\\Foundation\\Bootstrap\\HandleExceptions->handleError()
#1 /home/u313622454/domains/grupocasil.com/public_html/nm/resources/views/layouts/contractheader.blade.php(96): Illuminate\\Foundation\\Bootstrap\\HandleExceptions->Illuminate\\Foundation\\Bootstrap\\{closure}()
#2 /home/u313622454/domains/grupocasil.com/public_html/nm/vendor/laravel/framework/src/Illuminate/Filesystem/Filesystem.php(124): require('/home/u31362245...')
#3 /home/u313622454/domains/grupocasil.com/public_html/nm/vendor/laravel/framework/src/Illuminate/Filesystem/Filesystem.php(125): Illuminate\\Filesystem\\Filesystem::Illuminate\\Filesystem\\{closure}()
#4 /home/u313622454/domains/grupocasil.com/public_html/nm/vendor/laravel/framework/src/Illuminate/View/Engines/PhpEngine.php(58): Illuminate\\Filesystem\\Filesystem->getRequire()
#5 /home/u313622454/domains/grupocasil.com/public_html/nm/vendor/laravel/framework/src/Illuminate/View/Engines/CompilerEngine.php(72): Illuminate\\View\\Engines\\PhpEngine->evaluatePath()
#6 /home/u313622454/domains/grupocasil.com/public_html/nm/vendor/laravel/framework/src/Illuminate/View/View.php(195): Illuminate\\View\\Engines\\CompilerEngine->get()
#7 /home/u313622454/domains/grupocasil.com/public_html/nm/vendor/laravel/framework/src/Illuminate/View/View.php(178): Illuminate\\View\\View->getContents()
#8 /home/u313622454/domains/grupocasil.com/public_html/nm/vendor/laravel/framework/src/Illuminate/View/View.php(147): Illuminate\\View\\View->renderContents()
#9 /home/u313622454/domains/grupocasil.com/public_html/nm/resources/views/employee/template/joiningletterpdf.blade.php(66): Illuminate\\View\\View->render()
#10 /home/u313622454/domains/grupocasil.com/public_html/nm/vendor/laravel/framework/src/Illuminate/Filesystem/Filesystem.php(124): require('/home/u31362245...')
#11 /home/u313622454/domains/grupocasil.com/public_html/nm/vendor/laravel/framework/src/Illuminate/Filesystem/Filesystem.php(125): Illuminate\\Filesystem\\Filesystem::Illuminate\\Filesystem\\{closure}()
#12 /home/u313622454/domains/grupocasil.com/public_html/nm/vendor/laravel/framework/src/Illuminate/View/Engines/PhpEngine.php(58): Illuminate\\Filesystem\\Filesystem->getRequire()
#13 /home/u313622454/domains/grupocasil.com/public_html/nm/vendor/laravel/framework/src/Illuminate/View/Engines/CompilerEngine.php(72): Illuminate\\View\\Engines\\PhpEngine->evaluatePath()
#14 /home/u313622454/domains/grupocasil.com/public_html/nm/vendor/laravel/framework/src/Illuminate/View/View.php(195): Illuminate\\View\\Engines\\CompilerEngine->get()
#15 /home/u313622454/domains/grupocasil.com/public_html/nm/vendor/laravel/framework/src/Illuminate/View/View.php(178): Illuminate\\View\\View->getContents()
#16 /home/u313622454/domains/grupocasil.com/public_html/nm/vendor/laravel/framework/src/Illuminate/View/View.php(147): Illuminate\\View\\View->renderContents()
#17 /home/u313622454/domains/grupocasil.com/public_html/nm/vendor/laravel/framework/src/Illuminate/Http/Response.php(69): Illuminate\\View\\View->render()
#18 /home/u313622454/domains/grupocasil.com/public_html/nm/vendor/laravel/framework/src/Illuminate/Http/Response.php(35): Illuminate\\Http\\Response->setContent()
#19 /home/u313622454/domains/grupocasil.com/public_html/nm/vendor/laravel/framework/src/Illuminate/Routing/Router.php(906): Illuminate\\Http\\Response->__construct()
#20 /home/u313622454/domains/grupocasil.com/public_html/nm/vendor/laravel/framework/src/Illuminate/Routing/Router.php(875): Illuminate\\Routing\\Router::toResponse()
#21 /home/u313622454/domains/grupocasil.com/public_html/nm/vendor/laravel/framework/src/Illuminate/Routing/Router.php(797): Illuminate\\Routing\\Router->prepareResponse()
#22 /home/u313622454/domains/grupocasil.com/public_html/nm/vendor/laravel/framework/src/Illuminate/Pipeline/Pipeline.php(141): Illuminate\\Routing\\Router->Illuminate\\Routing\\{closure}()
#23 /home/u313622454/domains/grupocasil.com/public_html/nm/vendor/laravel/framework/src/Illuminate/Auth/Middleware/EnsureEmailIsVerified.php(41): Illuminate\\Pipeline\\Pipeline->Illuminate\\Pipeline\\{closure}()
#24 /home/u313622454/domains/grupocasil.com/public_html/nm/vendor/laravel/framework/src/Illuminate/Pipeline/Pipeline.php(180): Illuminate\\Auth\\Middleware\\EnsureEmailIsVerified->handle()
#25 /home/u313622454/domains/grupocasil.com/public_html/nm/vendor/laravel/framework/src/Illuminate/Routing/Middleware/SubstituteBindings.php(50): Illuminate\\Pipeline\\Pipeline->Illuminate\\Pipeline\\{closure}()
#26 /home/u313622454/domains/grupocasil.com/public_html/nm/vendor/laravel/framework/src/Illuminate/Pipeline/Pipeline.php(180): Illuminate\\Routing\\Middleware\\SubstituteBindings->handle()
#27 /home/u313622454/domains/grupocasil.com/public_html/nm/vendor/laravel/framework/src/Illuminate/Foundation/Http/Middleware/VerifyCsrfToken.php(78): Illuminate\\Pipeline\\Pipeline->Illuminate\\Pipeline\\{closure}()
#28 /home/u313622454/domains/grupocasil.com/public_html/nm/vendor/laravel/framework/src/Illuminate/Pipeline/Pipeline.php(180): Illuminate\\Foundation\\Http\\Middleware\\VerifyCsrfToken->handle()
#29 /home/u313622454/domains/grupocasil.com/public_html/nm/vendor/laravel/framework/src/Illuminate/View/Middleware/ShareErrorsFromSession.php(49): Illuminate\\Pipeline\\Pipeline->Illuminate\\Pipeline\\{closure}()
#30 /home/u313622454/domains/grupocasil.com/public_html/nm/vendor/laravel/framework/src/Illuminate/Pipeline/Pipeline.php(180): Illuminate\\View\\Middleware\\ShareErrorsFromSession->handle()
#31 /home/u313622454/domains/grupocasil.com/public_html/nm/vendor/laravel/framework/src/Illuminate/Session/Middleware/StartSession.php(121): Illuminate\\Pipeline\\Pipeline->Illuminate\\Pipeline\\{closure}()
#32 /home/u313622454/domains/grupocasil.com/public_html/nm/vendor/laravel/framework/src/Illuminate/Session/Middleware/StartSession.php(64): Illuminate\\Session\\Middleware\\StartSession->handleStatefulRequest()
#33 /home/u313622454/domains/grupocasil.com/public_html/nm/vendor/laravel/framework/src/Illuminate/Pipeline/Pipeline.php(180): Illuminate\\Session\\Middleware\\StartSession->handle()
#34 /home/u313622454/domains/grupocasil.com/public_html/nm/vendor/laravel/framework/src/Illuminate/Cookie/Middleware/AddQueuedCookiesToResponse.php(37): Illuminate\\Pipeline\\Pipeline->Illuminate\\Pipeline\\{closure}()
#35 /home/u313622454/domains/grupocasil.com/public_html/nm/vendor/laravel/framework/src/Illuminate/Pipeline/Pipeline.php(180): Illuminate\\Cookie\\Middleware\\AddQueuedCookiesToResponse->handle()
#36 /home/u313622454/domains/grupocasil.com/public_html/nm/vendor/laravel/framework/src/Illuminate/Cookie/Middleware/EncryptCookies.php(67): Illuminate\\Pipeline\\Pipeline->Illuminate\\Pipeline\\{closure}()
#37 /home/u313622454/domains/grupocasil.com/public_html/nm/vendor/laravel/framework/src/Illuminate/Pipeline/Pipeline.php(180): Illuminate\\Cookie\\Middleware\\EncryptCookies->handle()
#38 /home/u313622454/domains/grupocasil.com/public_html/nm/vendor/laravel/framework/src/Illuminate/Pipeline/Pipeline.php(116): Illuminate\\Pipeline\\Pipeline->Illuminate\\Pipeline\\{closure}()
#39 /home/u313622454/domains/grupocasil.com/public_html/nm/vendor/laravel/framework/src/Illuminate/Routing/Router.php(797): Illuminate\\Pipeline\\Pipeline->then()
#40 /home/u313622454/domains/grupocasil.com/public_html/nm/vendor/laravel/framework/src/Illuminate/Routing/Router.php(776): Illuminate\\Routing\\Router->runRouteWithinStack()
#41 /home/u313622454/domains/grupocasil.com/public_html/nm/vendor/laravel/framework/src/Illuminate/Routing/Router.php(740): Illuminate\\Routing\\Router->runRoute()
#42 /home/u313622454/domains/grupocasil.com/public_html/nm/vendor/laravel/framework/src/Illuminate/Routing/Router.php(729): Illuminate\\Routing\\Router->dispatchToRoute()
#43 /home/u313622454/domains/grupocasil.com/public_html/nm/vendor/laravel/framework/src/Illuminate/Foundation/Http/Kernel.php(200): Illuminate\\Routing\\Router->dispatch()
#44 /home/u313622454/domains/grupocasil.com/public_html/nm/vendor/laravel/framework/src/Illuminate/Pipeline/Pipeline.php(141): Illuminate\\Foundation\\Http\\Kernel->Illuminate\\Foundation\\Http\\{closure}()
#45 /home/u313622454/domains/grupocasil.com/public_html/nm/vendor/barryvdh/laravel-debugbar/src/Middleware/InjectDebugbar.php(59): Illuminate\\Pipeline\\Pipeline->Illuminate\\Pipeline\\{closure}()
#46 /home/u313622454/domains/grupocasil.com/public_html/nm/vendor/laravel/framework/src/Illuminate/Pipeline/Pipeline.php(180): Barryvdh\\Debugbar\\Middleware\\InjectDebugbar->handle()
#47 /home/u313622454/domains/grupocasil.com/public_html/nm/vendor/laravel/framework/src/Illuminate/Foundation/Http/Middleware/TransformsRequest.php(21): Illuminate\\Pipeline\\Pipeline->Illuminate\\Pipeline\\{closure}()
#48 /home/u313622454/domains/grupocasil.com/public_html/nm/vendor/laravel/framework/src/Illuminate/Foundation/Http/Middleware/ConvertEmptyStringsToNull.php(31): Illuminate\\Foundation\\Http\\Middleware\\TransformsRequest->handle()
#49 /home/u313622454/domains/grupocasil.com/public_html/nm/vendor/laravel/framework/src/Illuminate/Pipeline/Pipeline.php(180): Illuminate\\Foundation\\Http\\Middleware\\ConvertEmptyStringsToNull->handle()
#50 /home/u313622454/domains/grupocasil.com/public_html/nm/vendor/laravel/framework/src/Illuminate/Foundation/Http/Middleware/TransformsRequest.php(21): Illuminate\\Pipeline\\Pipeline->Illuminate\\Pipeline\\{closure}()
#51 /home/u313622454/domains/grupocasil.com/public_html/nm/vendor/laravel/framework/src/Illuminate/Foundation/Http/Middleware/TrimStrings.php(40): Illuminate\\Foundation\\Http\\Middleware\\TransformsRequest->handle()
#52 /home/u313622454/domains/grupocasil.com/public_html/nm/vendor/laravel/framework/src/Illuminate/Pipeline/Pipeline.php(180): Illuminate\\Foundation\\Http\\Middleware\\TrimStrings->handle()
#53 /home/u313622454/domains/grupocasil.com/public_html/nm/vendor/laravel/framework/src/Illuminate/Foundation/Http/Middleware/ValidatePostSize.php(27): Illuminate\\Pipeline\\Pipeline->Illuminate\\Pipeline\\{closure}()
#54 /home/u313622454/domains/grupocasil.com/public_html/nm/vendor/laravel/framework/src/Illuminate/Pipeline/Pipeline.php(180): Illuminate\\Foundation\\Http\\Middleware\\ValidatePostSize->handle()
#55 /home/u313622454/domains/grupocasil.com/public_html/nm/vendor/laravel/framework/src/Illuminate/Foundation/Http/Middleware/PreventRequestsDuringMaintenance.php(99): Illuminate\\Pipeline\\Pipeline->Illuminate\\Pipeline\\{closure}()
#56 /home/u313622454/domains/grupocasil.com/public_html/nm/vendor/laravel/framework/src/Illuminate/Pipeline/Pipeline.php(180): Illuminate\\Foundation\\Http\\Middleware\\PreventRequestsDuringMaintenance->handle()
#57 /home/u313622454/domains/grupocasil.com/public_html/nm/vendor/laravel/framework/src/Illuminate/Http/Middleware/TrustProxies.php(39): Illuminate\\Pipeline\\Pipeline->Illuminate\\Pipeline\\{closure}()
#58 /home/u313622454/domains/grupocasil.com/public_html/nm/vendor/laravel/framework/src/Illuminate/Pipeline/Pipeline.php(180): Illuminate\\Http\\Middleware\\TrustProxies->handle()
#59 /home/u313622454/domains/grupocasil.com/public_html/nm/vendor/laravel/framework/src/Illuminate/Pipeline/Pipeline.php(116): Illuminate\\Pipeline\\Pipeline->Illuminate\\Pipeline\\{closure}()
#60 /home/u313622454/domains/grupocasil.com/public_html/nm/vendor/laravel/framework/src/Illuminate/Foundation/Http/Kernel.php(175): Illuminate\\Pipeline\\Pipeline->then()
#61 /home/u313622454/domains/grupocasil.com/public_html/nm/vendor/laravel/framework/src/Illuminate/Foundation/Http/Kernel.php(144): Illuminate\\Foundation\\Http\\Kernel->sendRequestThroughRouter()
#62 /home/u313622454/domains/grupocasil.com/public_html/nm/public/index.php(51): Illuminate\\Foundation\\Http\\Kernel->handle()
#63 /home/u313622454/domains/grupocasil.com/public_html/nm/index.php(21): require_once('/home/u31362245...')
#64 {main}

[previous exception] [object] (ErrorException(code: 0): Undefined variable $ThemeColor at /home/u313622454/domains/grupocasil.com/public_html/nm/storage/framework/views/112e1235840a5b85b85437faf9e5d7e9.php:97)
[stacktrace]
#0 /home/u313622454/domains/grupocasil.com/public_html/nm/vendor/laravel/framework/src/Illuminate/Foundation/Bootstrap/HandleExceptions.php(254): Illuminate\\Foundation\\Bootstrap\\HandleExceptions->handleError()
#1 /home/u313622454/domains/grupocasil.com/public_html/nm/storage/framework/views/112e1235840a5b85b85437faf9e5d7e9.php(97): Illuminate\\Foundation\\Bootstrap\\HandleExceptions->Illuminate\\Foundation\\Bootstrap\\{closure}()
#2 /home/u313622454/domains/grupocasil.com/public_html/nm/vendor/laravel/framework/src/Illuminate/Filesystem/Filesystem.php(124): require('/home/u31362245...')
#3 /home/u313622454/domains/grupocasil.com/public_html/nm/vendor/laravel/framework/src/Illuminate/Filesystem/Filesystem.php(125): Illuminate\\Filesystem\\Filesystem::Illuminate\\Filesystem\\{closure}()
#4 /home/u313622454/domains/grupocasil.com/public_html/nm/vendor/laravel/framework/src/Illuminate/View/Engines/PhpEngine.php(58): Illuminate\\Filesystem\\Filesystem->getRequire()
#5 /home/u313622454/domains/grupocasil.com/public_html/nm/vendor/laravel/framework/src/Illuminate/View/Engines/CompilerEngine.php(72): Illuminate\\View\\Engines\\PhpEngine->evaluatePath()
#6 /home/u313622454/domains/grupocasil.com/public_html/nm/vendor/laravel/framework/src/Illuminate/View/View.php(195): Illuminate\\View\\Engines\\CompilerEngine->get()
#7 /home/u313622454/domains/grupocasil.com/public_html/nm/vendor/laravel/framework/src/Illuminate/View/View.php(178): Illuminate\\View\\View->getContents()
#8 /home/u313622454/domains/grupocasil.com/public_html/nm/vendor/laravel/framework/src/Illuminate/View/View.php(147): Illuminate\\View\\View->renderContents()
#9 /home/u313622454/domains/grupocasil.com/public_html/nm/storage/framework/views/c3c5c52bb253a16b0674de203c3424fb.php(65): Illuminate\\View\\View->render()
#10 /home/u313622454/domains/grupocasil.com/public_html/nm/vendor/laravel/framework/src/Illuminate/Filesystem/Filesystem.php(124): require('/home/u31362245...')
#11 /home/u313622454/domains/grupocasil.com/public_html/nm/vendor/laravel/framework/src/Illuminate/Filesystem/Filesystem.php(125): Illuminate\\Filesystem\\Filesystem::Illuminate\\Filesystem\\{closure}()
#12 /home/u313622454/domains/grupocasil.com/public_html/nm/vendor/laravel/framework/src/Illuminate/View/Engines/PhpEngine.php(58): Illuminate\\Filesystem\\Filesystem->getRequire()
#13 /home/u313622454/domains/grupocasil.com/public_html/nm/vendor/laravel/framework/src/Illuminate/View/Engines/CompilerEngine.php(72): Illuminate\\View\\Engines\\PhpEngine->evaluatePath()
#14 /home/u313622454/domains/grupocasil.com/public_html/nm/vendor/laravel/framework/src/Illuminate/View/View.php(195): Illuminate\\View\\Engines\\CompilerEngine->get()
#15 /home/u313622454/domains/grupocasil.com/public_html/nm/vendor/laravel/framework/src/Illuminate/View/View.php(178): Illuminate\\View\\View->getContents()
#16 /home/u313622454/domains/grupocasil.com/public_html/nm/vendor/laravel/framework/src/Illuminate/View/View.php(147): Illuminate\\View\\View->renderContents()
#17 /home/u313622454/domains/grupocasil.com/public_html/nm/vendor/laravel/framework/src/Illuminate/Http/Response.php(69): Illuminate\\View\\View->render()
#18 /home/u313622454/domains/grupocasil.com/public_html/nm/vendor/laravel/framework/src/Illuminate/Http/Response.php(35): Illuminate\\Http\\Response->setContent()
#19 /home/u313622454/domains/grupocasil.com/public_html/nm/vendor/laravel/framework/src/Illuminate/Routing/Router.php(906): Illuminate\\Http\\Response->__construct()
#20 /home/u313622454/domains/grupocasil.com/public_html/nm/vendor/laravel/framework/src/Illuminate/Routing/Router.php(875): Illuminate\\Routing\\Router::toResponse()
#21 /home/u313622454/domains/grupocasil.com/public_html/nm/vendor/laravel/framework/src/Illuminate/Routing/Router.php(797): Illuminate\\Routing\\Router->prepareResponse()
#22 /home/u313622454/domains/grupocasil.com/public_html/nm/vendor/laravel/framework/src/Illuminate/Pipeline/Pipeline.php(141): Illuminate\\Routing\\Router->Illuminate\\Routing\\{closure}()
#23 /home/u313622454/domains/grupocasil.com/public_html/nm/vendor/laravel/framework/src/Illuminate/Auth/Middleware/EnsureEmailIsVerified.php(41): Illuminate\\Pipeline\\Pipeline->Illuminate\\Pipeline\\{closure}()
#24 /home/u313622454/domains/grupocasil.com/public_html/nm/vendor/laravel/framework/src/Illuminate/Pipeline/Pipeline.php(180): Illuminate\\Auth\\Middleware\\EnsureEmailIsVerified->handle()
#25 /home/u313622454/domains/grupocasil.com/public_html/nm/vendor/laravel/framework/src/Illuminate/Routing/Middleware/SubstituteBindings.php(50): Illuminate\\Pipeline\\Pipeline->Illuminate\\Pipeline\\{closure}()
#26 /home/u313622454/domains/grupocasil.com/public_html/nm/vendor/laravel/framework/src/Illuminate/Pipeline/Pipeline.php(180): Illuminate\\Routing\\Middleware\\SubstituteBindings->handle()
#27 /home/u313622454/domains/grupocasil.com/public_html/nm/vendor/laravel/framework/src/Illuminate/Foundation/Http/Middleware/VerifyCsrfToken.php(78): Illuminate\\Pipeline\\Pipeline->Illuminate\\Pipeline\\{closure}()
#28 /home/u313622454/domains/grupocasil.com/public_html/nm/vendor/laravel/framework/src/Illuminate/Pipeline/Pipeline.php(180): Illuminate\\Foundation\\Http\\Middleware\\VerifyCsrfToken->handle()
#29 /home/u313622454/domains/grupocasil.com/public_html/nm/vendor/laravel/framework/src/Illuminate/View/Middleware/ShareErrorsFromSession.php(49): Illuminate\\Pipeline\\Pipeline->Illuminate\\Pipeline\\{closure}()
#30 /home/u313622454/domains/grupocasil.com/public_html/nm/vendor/laravel/framework/src/Illuminate/Pipeline/Pipeline.php(180): Illuminate\\View\\Middleware\\ShareErrorsFromSession->handle()
#31 /home/u313622454/domains/grupocasil.com/public_html/nm/vendor/laravel/framework/src/Illuminate/Session/Middleware/StartSession.php(121): Illuminate\\Pipeline\\Pipeline->Illuminate\\Pipeline\\{closure}()
#32 /home/u313622454/domains/grupocasil.com/public_html/nm/vendor/laravel/framework/src/Illuminate/Session/Middleware/StartSession.php(64): Illuminate\\Session\\Middleware\\StartSession->handleStatefulRequest()
#33 /home/u313622454/domains/grupocasil.com/public_html/nm/vendor/laravel/framework/src/Illuminate/Pipeline/Pipeline.php(180): Illuminate\\Session\\Middleware\\StartSession->handle()
#34 /home/u313622454/domains/grupocasil.com/public_html/nm/vendor/laravel/framework/src/Illuminate/Cookie/Middleware/AddQueuedCookiesToResponse.php(37): Illuminate\\Pipeline\\Pipeline->Illuminate\\Pipeline\\{closure}()
#35 /home/u313622454/domains/grupocasil.com/public_html/nm/vendor/laravel/framework/src/Illuminate/Pipeline/Pipeline.php(180): Illuminate\\Cookie\\Middleware\\AddQueuedCookiesToResponse->handle()
#36 /home/u313622454/domains/grupocasil.com/public_html/nm/vendor/laravel/framework/src/Illuminate/Cookie/Middleware/EncryptCookies.php(67): Illuminate\\Pipeline\\Pipeline->Illuminate\\Pipeline\\{closure}()
#37 /home/u313622454/domains/grupocasil.com/public_html/nm/vendor/laravel/framework/src/Illuminate/Pipeline/Pipeline.php(180): Illuminate\\Cookie\\Middleware\\EncryptCookies->handle()
#38 /home/u313622454/domains/grupocasil.com/public_html/nm/vendor/laravel/framework/src/Illuminate/Pipeline/Pipeline.php(116): Illuminate\\Pipeline\\Pipeline->Illuminate\\Pipeline\\{closure}()
#39 /home/u313622454/domains/grupocasil.com/public_html/nm/vendor/laravel/framework/src/Illuminate/Routing/Router.php(797): Illuminate\\Pipeline\\Pipeline->then()
#40 /home/u313622454/domains/grupocasil.com/public_html/nm/vendor/laravel/framework/src/Illuminate/Routing/Router.php(776): Illuminate\\Routing\\Router->runRouteWithinStack()
#41 /home/u313622454/domains/grupocasil.com/public_html/nm/vendor/laravel/framework/src/Illuminate/Routing/Router.php(740): Illuminate\\Routing\\Router->runRoute()
#42 /home/u313622454/domains/grupocasil.com/public_html/nm/vendor/laravel/framework/src/Illuminate/Routing/Router.php(729): Illuminate\\Routing\\Router->dispatchToRoute()
#43 /home/u313622454/domains/grupocasil.com/public_html/nm/vendor/laravel/framework/src/Illuminate/Foundation/Http/Kernel.php(200): Illuminate\\Routing\\Router->dispatch()
#44 /home/u313622454/domains/grupocasil.com/public_html/nm/vendor/laravel/framework/src/Illuminate/Pipeline/Pipeline.php(141): Illuminate\\Foundation\\Http\\Kernel->Illuminate\\Foundation\\Http\\{closure}()
#45 /home/u313622454/domains/grupocasil.com/public_html/nm/vendor/barryvdh/laravel-debugbar/src/Middleware/InjectDebugbar.php(59): Illuminate\\Pipeline\\Pipeline->Illuminate\\Pipeline\\{closure}()
#46 /home/u313622454/domains/grupocasil.com/public_html/nm/vendor/laravel/framework/src/Illuminate/Pipeline/Pipeline.php(180): Barryvdh\\Debugbar\\Middleware\\InjectDebugbar->handle()
#47 /home/u313622454/domains/grupocasil.com/public_html/nm/vendor/laravel/framework/src/Illuminate/Foundation/Http/Middleware/TransformsRequest.php(21): Illuminate\\Pipeline\\Pipeline->Illuminate\\Pipeline\\{closure}()
#48 /home/u313622454/domains/grupocasil.com/public_html/nm/vendor/laravel/framework/src/Illuminate/Foundation/Http/Middleware/ConvertEmptyStringsToNull.php(31): Illuminate\\Foundation\\Http\\Middleware\\TransformsRequest->handle()
#49 /home/u313622454/domains/grupocasil.com/public_html/nm/vendor/laravel/framework/src/Illuminate/Pipeline/Pipeline.php(180): Illuminate\\Foundation\\Http\\Middleware\\ConvertEmptyStringsToNull->handle()
#50 /home/u313622454/domains/grupocasil.com/public_html/nm/vendor/laravel/framework/src/Illuminate/Foundation/Http/Middleware/TransformsRequest.php(21): Illuminate\\Pipeline\\Pipeline->Illuminate\\Pipeline\\{closure}()
#51 /home/u313622454/domains/grupocasil.com/public_html/nm/vendor/laravel/framework/src/Illuminate/Foundation/Http/Middleware/TrimStrings.php(40): Illuminate\\Foundation\\Http\\Middleware\\TransformsRequest->handle()
#52 /home/u313622454/domains/grupocasil.com/public_html/nm/vendor/laravel/framework/src/Illuminate/Pipeline/Pipeline.php(180): Illuminate\\Foundation\\Http\\Middleware\\TrimStrings->handle()
#53 /home/u313622454/domains/grupocasil.com/public_html/nm/vendor/laravel/framework/src/Illuminate/Foundation/Http/Middleware/ValidatePostSize.php(27): Illuminate\\Pipeline\\Pipeline->Illuminate\\Pipeline\\{closure}()
#54 /home/u313622454/domains/grupocasil.com/public_html/nm/vendor/laravel/framework/src/Illuminate/Pipeline/Pipeline.php(180): Illuminate\\Foundation\\Http\\Middleware\\ValidatePostSize->handle()
#55 /home/u313622454/domains/grupocasil.com/public_html/nm/vendor/laravel/framework/src/Illuminate/Foundation/Http/Middleware/PreventRequestsDuringMaintenance.php(99): Illuminate\\Pipeline\\Pipeline->Illuminate\\Pipeline\\{closure}()
#56 /home/u313622454/domains/grupocasil.com/public_html/nm/vendor/laravel/framework/src/Illuminate/Pipeline/Pipeline.php(180): Illuminate\\Foundation\\Http\\Middleware\\PreventRequestsDuringMaintenance->handle()
#57 /home/u313622454/domains/grupocasil.com/public_html/nm/vendor/laravel/framework/src/Illuminate/Http/Middleware/TrustProxies.php(39): Illuminate\\Pipeline\\Pipeline->Illuminate\\Pipeline\\{closure}()
#58 /home/u313622454/domains/grupocasil.com/public_html/nm/vendor/laravel/framework/src/Illuminate/Pipeline/Pipeline.php(180): Illuminate\\Http\\Middleware\\TrustProxies->handle()
#59 /home/u313622454/domains/grupocasil.com/public_html/nm/vendor/laravel/framework/src/Illuminate/Pipeline/Pipeline.php(116): Illuminate\\Pipeline\\Pipeline->Illuminate\\Pipeline\\{closure}()
#60 /home/u313622454/domains/grupocasil.com/public_html/nm/vendor/laravel/framework/src/Illuminate/Foundation/Http/Kernel.php(175): Illuminate\\Pipeline\\Pipeline->then()
#61 /home/u313622454/domains/grupocasil.com/public_html/nm/vendor/laravel/framework/src/Illuminate/Foundation/Http/Kernel.php(144): Illuminate\\Foundation\\Http\\Kernel->sendRequestThroughRouter()
#62 /home/u313622454/domains/grupocasil.com/public_html/nm/public/index.php(51): Illuminate\\Foundation\\Http\\Kernel->handle()
#63 /home/u313622454/domains/grupocasil.com/public_html/nm/index.php(21): require_once('/home/u31362245...')
#64 {main}
"} 
[2024-04-02 11:49:40] local.ERROR: Attempt to read property "date" on null {"userId":4,"exception":"[object] (ErrorException(code: 0): Attempt to read property \"date\" on null at /home/u313622454/domains/grupocasil.com/public_html/nm/app/Http/Controllers/AttendanceEmployeeController.php:412)
[stacktrace]
#0 /home/u313622454/domains/grupocasil.com/public_html/nm/vendor/laravel/framework/src/Illuminate/Foundation/Bootstrap/HandleExceptions.php(254): Illuminate\\Foundation\\Bootstrap\\HandleExceptions->handleError()
#1 /home/u313622454/domains/grupocasil.com/public_html/nm/app/Http/Controllers/AttendanceEmployeeController.php(412): Illuminate\\Foundation\\Bootstrap\\HandleExceptions->Illuminate\\Foundation\\Bootstrap\\{closure}()
#2 /home/u313622454/domains/grupocasil.com/public_html/nm/vendor/laravel/framework/src/Illuminate/Routing/Controller.php(54): App\\Http\\Controllers\\AttendanceEmployeeController->update()
#3 /home/u313622454/domains/grupocasil.com/public_html/nm/vendor/laravel/framework/src/Illuminate/Routing/ControllerDispatcher.php(43): Illuminate\\Routing\\Controller->callAction()
#4 /home/u313622454/domains/grupocasil.com/public_html/nm/vendor/laravel/framework/src/Illuminate/Routing/Route.php(259): Illuminate\\Routing\\ControllerDispatcher->dispatch()
#5 /home/u313622454/domains/grupocasil.com/public_html/nm/vendor/laravel/framework/src/Illuminate/Routing/Route.php(205): Illuminate\\Routing\\Route->runController()
#6 /home/u313622454/domains/grupocasil.com/public_html/nm/vendor/laravel/framework/src/Illuminate/Routing/Router.php(798): Illuminate\\Routing\\Route->run()
#7 /home/u313622454/domains/grupocasil.com/public_html/nm/vendor/laravel/framework/src/Illuminate/Pipeline/Pipeline.php(141): Illuminate\\Routing\\Router->Illuminate\\Routing\\{closure}()
#8 /home/u313622454/domains/grupocasil.com/public_html/nm/app/Http/Middleware/XSS.php(65): Illuminate\\Pipeline\\Pipeline->Illuminate\\Pipeline\\{closure}()
#9 /home/u313622454/domains/grupocasil.com/public_html/nm/vendor/laravel/framework/src/Illuminate/Pipeline/Pipeline.php(180): App\\Http\\Middleware\\XSS->handle()
#10 /home/u313622454/domains/grupocasil.com/public_html/nm/vendor/laravel/framework/src/Illuminate/Auth/Middleware/EnsureEmailIsVerified.php(41): Illuminate\\Pipeline\\Pipeline->Illuminate\\Pipeline\\{closure}()
#11 /home/u313622454/domains/grupocasil.com/public_html/nm/vendor/laravel/framework/src/Illuminate/Pipeline/Pipeline.php(180): Illuminate\\Auth\\Middleware\\EnsureEmailIsVerified->handle()
#12 /home/u313622454/domains/grupocasil.com/public_html/nm/vendor/laravel/framework/src/Illuminate/Routing/Middleware/SubstituteBindings.php(50): Illuminate\\Pipeline\\Pipeline->Illuminate\\Pipeline\\{closure}()
#13 /home/u313622454/domains/grupocasil.com/public_html/nm/vendor/laravel/framework/src/Illuminate/Pipeline/Pipeline.php(180): Illuminate\\Routing\\Middleware\\SubstituteBindings->handle()
#14 /home/u313622454/domains/grupocasil.com/public_html/nm/vendor/laravel/framework/src/Illuminate/Auth/Middleware/Authenticate.php(57): Illuminate\\Pipeline\\Pipeline->Illuminate\\Pipeline\\{closure}()
#15 /home/u313622454/domains/grupocasil.com/public_html/nm/vendor/laravel/framework/src/Illuminate/Pipeline/Pipeline.php(180): Illuminate\\Auth\\Middleware\\Authenticate->handle()
#16 /home/u313622454/domains/grupocasil.com/public_html/nm/vendor/laravel/framework/src/Illuminate/Foundation/Http/Middleware/VerifyCsrfToken.php(78): Illuminate\\Pipeline\\Pipeline->Illuminate\\Pipeline\\{closure}()
#17 /home/u313622454/domains/grupocasil.com/public_html/nm/vendor/laravel/framework/src/Illuminate/Pipeline/Pipeline.php(180): Illuminate\\Foundation\\Http\\Middleware\\VerifyCsrfToken->handle()
#18 /home/u313622454/domains/grupocasil.com/public_html/nm/vendor/laravel/framework/src/Illuminate/View/Middleware/ShareErrorsFromSession.php(49): Illuminate\\Pipeline\\Pipeline->Illuminate\\Pipeline\\{closure}()
#19 /home/u313622454/domains/grupocasil.com/public_html/nm/vendor/laravel/framework/src/Illuminate/Pipeline/Pipeline.php(180): Illuminate\\View\\Middleware\\ShareErrorsFromSession->handle()
#20 /home/u313622454/domains/grupocasil.com/public_html/nm/vendor/laravel/framework/src/Illuminate/Session/Middleware/StartSession.php(121): Illuminate\\Pipeline\\Pipeline->Illuminate\\Pipeline\\{closure}()
#21 /home/u313622454/domains/grupocasil.com/public_html/nm/vendor/laravel/framework/src/Illuminate/Session/Middleware/StartSession.php(64): Illuminate\\Session\\Middleware\\StartSession->handleStatefulRequest()
#22 /home/u313622454/domains/grupocasil.com/public_html/nm/vendor/laravel/framework/src/Illuminate/Pipeline/Pipeline.php(180): Illuminate\\Session\\Middleware\\StartSession->handle()
#23 /home/u313622454/domains/grupocasil.com/public_html/nm/vendor/laravel/framework/src/Illuminate/Cookie/Middleware/AddQueuedCookiesToResponse.php(37): Illuminate\\Pipeline\\Pipeline->Illuminate\\Pipeline\\{closure}()
#24 /home/u313622454/domains/grupocasil.com/public_html/nm/vendor/laravel/framework/src/Illuminate/Pipeline/Pipeline.php(180): Illuminate\\Cookie\\Middleware\\AddQueuedCookiesToResponse->handle()
#25 /home/u313622454/domains/grupocasil.com/public_html/nm/vendor/laravel/framework/src/Illuminate/Cookie/Middleware/EncryptCookies.php(67): Illuminate\\Pipeline\\Pipeline->Illuminate\\Pipeline\\{closure}()
#26 /home/u313622454/domains/grupocasil.com/public_html/nm/vendor/laravel/framework/src/Illuminate/Pipeline/Pipeline.php(180): Illuminate\\Cookie\\Middleware\\EncryptCookies->handle()
#27 /home/u313622454/domains/grupocasil.com/public_html/nm/vendor/laravel/framework/src/Illuminate/Pipeline/Pipeline.php(116): Illuminate\\Pipeline\\Pipeline->Illuminate\\Pipeline\\{closure}()
#28 /home/u313622454/domains/grupocasil.com/public_html/nm/vendor/laravel/framework/src/Illuminate/Routing/Router.php(797): Illuminate\\Pipeline\\Pipeline->then()
#29 /home/u313622454/domains/grupocasil.com/public_html/nm/vendor/laravel/framework/src/Illuminate/Routing/Router.php(776): Illuminate\\Routing\\Router->runRouteWithinStack()
#30 /home/u313622454/domains/grupocasil.com/public_html/nm/vendor/laravel/framework/src/Illuminate/Routing/Router.php(740): Illuminate\\Routing\\Router->runRoute()
#31 /home/u313622454/domains/grupocasil.com/public_html/nm/vendor/laravel/framework/src/Illuminate/Routing/Router.php(729): Illuminate\\Routing\\Router->dispatchToRoute()
#32 /home/u313622454/domains/grupocasil.com/public_html/nm/vendor/laravel/framework/src/Illuminate/Foundation/Http/Kernel.php(200): Illuminate\\Routing\\Router->dispatch()
#33 /home/u313622454/domains/grupocasil.com/public_html/nm/vendor/laravel/framework/src/Illuminate/Pipeline/Pipeline.php(141): Illuminate\\Foundation\\Http\\Kernel->Illuminate\\Foundation\\Http\\{closure}()
#34 /home/u313622454/domains/grupocasil.com/public_html/nm/vendor/barryvdh/laravel-debugbar/src/Middleware/InjectDebugbar.php(59): Illuminate\\Pipeline\\Pipeline->Illuminate\\Pipeline\\{closure}()
#35 /home/u313622454/domains/grupocasil.com/public_html/nm/vendor/laravel/framework/src/Illuminate/Pipeline/Pipeline.php(180): Barryvdh\\Debugbar\\Middleware\\InjectDebugbar->handle()
#36 /home/u313622454/domains/grupocasil.com/public_html/nm/vendor/laravel/framework/src/Illuminate/Foundation/Http/Middleware/TransformsRequest.php(21): Illuminate\\Pipeline\\Pipeline->Illuminate\\Pipeline\\{closure}()
#37 /home/u313622454/domains/grupocasil.com/public_html/nm/vendor/laravel/framework/src/Illuminate/Foundation/Http/Middleware/ConvertEmptyStringsToNull.php(31): Illuminate\\Foundation\\Http\\Middleware\\TransformsRequest->handle()
#38 /home/u313622454/domains/grupocasil.com/public_html/nm/vendor/laravel/framework/src/Illuminate/Pipeline/Pipeline.php(180): Illuminate\\Foundation\\Http\\Middleware\\ConvertEmptyStringsToNull->handle()
#39 /home/u313622454/domains/grupocasil.com/public_html/nm/vendor/laravel/framework/src/Illuminate/Foundation/Http/Middleware/TransformsRequest.php(21): Illuminate\\Pipeline\\Pipeline->Illuminate\\Pipeline\\{closure}()
#40 /home/u313622454/domains/grupocasil.com/public_html/nm/vendor/laravel/framework/src/Illuminate/Foundation/Http/Middleware/TrimStrings.php(40): Illuminate\\Foundation\\Http\\Middleware\\TransformsRequest->handle()
#41 /home/u313622454/domains/grupocasil.com/public_html/nm/vendor/laravel/framework/src/Illuminate/Pipeline/Pipeline.php(180): Illuminate\\Foundation\\Http\\Middleware\\TrimStrings->handle()
#42 /home/u313622454/domains/grupocasil.com/public_html/nm/vendor/laravel/framework/src/Illuminate/Foundation/Http/Middleware/ValidatePostSize.php(27): Illuminate\\Pipeline\\Pipeline->Illuminate\\Pipeline\\{closure}()
#43 /home/u313622454/domains/grupocasil.com/public_html/nm/vendor/laravel/framework/src/Illuminate/Pipeline/Pipeline.php(180): Illuminate\\Foundation\\Http\\Middleware\\ValidatePostSize->handle()
#44 /home/u313622454/domains/grupocasil.com/public_html/nm/vendor/laravel/framework/src/Illuminate/Foundation/Http/Middleware/PreventRequestsDuringMaintenance.php(99): Illuminate\\Pipeline\\Pipeline->Illuminate\\Pipeline\\{closure}()
#45 /home/u313622454/domains/grupocasil.com/public_html/nm/vendor/laravel/framework/src/Illuminate/Pipeline/Pipeline.php(180): Illuminate\\Foundation\\Http\\Middleware\\PreventRequestsDuringMaintenance->handle()
#46 /home/u313622454/domains/grupocasil.com/public_html/nm/vendor/laravel/framework/src/Illuminate/Http/Middleware/TrustProxies.php(39): Illuminate\\Pipeline\\Pipeline->Illuminate\\Pipeline\\{closure}()
#47 /home/u313622454/domains/grupocasil.com/public_html/nm/vendor/laravel/framework/src/Illuminate/Pipeline/Pipeline.php(180): Illuminate\\Http\\Middleware\\TrustProxies->handle()
#48 /home/u313622454/domains/grupocasil.com/public_html/nm/vendor/laravel/framework/src/Illuminate/Pipeline/Pipeline.php(116): Illuminate\\Pipeline\\Pipeline->Illuminate\\Pipeline\\{closure}()
#49 /home/u313622454/domains/grupocasil.com/public_html/nm/vendor/laravel/framework/src/Illuminate/Foundation/Http/Kernel.php(175): Illuminate\\Pipeline\\Pipeline->then()
#50 /home/u313622454/domains/grupocasil.com/public_html/nm/vendor/laravel/framework/src/Illuminate/Foundation/Http/Kernel.php(144): Illuminate\\Foundation\\Http\\Kernel->sendRequestThroughRouter()
#51 /home/u313622454/domains/grupocasil.com/public_html/nm/public/index.php(51): Illuminate\\Foundation\\Http\\Kernel->handle()
#52 /home/u313622454/domains/grupocasil.com/public_html/nm/index.php(21): require_once('/home/u31362245...')
#53 {main}
"} 
[2024-04-02 12:12:58] local.ERROR: invalid json for auth config {"userId":4,"exception":"[object] (LogicException(code: 0): invalid json for auth config at /home/u313622454/domains/grupocasil.com/public_html/nm/vendor/google/apiclient/src/Client.php:994)
[stacktrace]
#0 /home/u313622454/domains/grupocasil.com/public_html/nm/vendor/spatie/laravel-google-calendar/src/GoogleCalendarFactory.php(44): Google\\Client->setAuthConfig()
#1 /home/u313622454/domains/grupocasil.com/public_html/nm/vendor/spatie/laravel-google-calendar/src/GoogleCalendarFactory.php(27): Spatie\\GoogleCalendar\\GoogleCalendarFactory::createServiceAccountClient()
#2 /home/u313622454/domains/grupocasil.com/public_html/nm/vendor/spatie/laravel-google-calendar/src/GoogleCalendarFactory.php(15): Spatie\\GoogleCalendar\\GoogleCalendarFactory::createAuthenticatedGoogleClient()
#3 /home/u313622454/domains/grupocasil.com/public_html/nm/vendor/spatie/laravel-google-calendar/src/Event.php(269): Spatie\\GoogleCalendar\\GoogleCalendarFactory::createForCalendarId()
#4 /home/u313622454/domains/grupocasil.com/public_html/nm/vendor/spatie/laravel-google-calendar/src/Event.php(85): Spatie\\GoogleCalendar\\Event::getGoogleCalendar()
#5 /home/u313622454/domains/grupocasil.com/public_html/nm/app/Models/Utility.php(1698): Spatie\\GoogleCalendar\\Event::get()
#6 /home/u313622454/domains/grupocasil.com/public_html/nm/app/Http/Controllers/EventController.php(395): App\\Models\\Utility::getCalendarData()
#7 /home/u313622454/domains/grupocasil.com/public_html/nm/vendor/laravel/framework/src/Illuminate/Routing/Controller.php(54): App\\Http\\Controllers\\EventController->get_event_data()
#8 /home/u313622454/domains/grupocasil.com/public_html/nm/vendor/laravel/framework/src/Illuminate/Routing/ControllerDispatcher.php(43): Illuminate\\Routing\\Controller->callAction()
#9 /home/u313622454/domains/grupocasil.com/public_html/nm/vendor/laravel/framework/src/Illuminate/Routing/Route.php(259): Illuminate\\Routing\\ControllerDispatcher->dispatch()
#10 /home/u313622454/domains/grupocasil.com/public_html/nm/vendor/laravel/framework/src/Illuminate/Routing/Route.php(205): Illuminate\\Routing\\Route->runController()
#11 /home/u313622454/domains/grupocasil.com/public_html/nm/vendor/laravel/framework/src/Illuminate/Routing/Router.php(798): Illuminate\\Routing\\Route->run()
#12 /home/u313622454/domains/grupocasil.com/public_html/nm/vendor/laravel/framework/src/Illuminate/Pipeline/Pipeline.php(141): Illuminate\\Routing\\Router->Illuminate\\Routing\\{closure}()
#13 /home/u313622454/domains/grupocasil.com/public_html/nm/app/Http/Middleware/XSS.php(65): Illuminate\\Pipeline\\Pipeline->Illuminate\\Pipeline\\{closure}()
#14 /home/u313622454/domains/grupocasil.com/public_html/nm/vendor/laravel/framework/src/Illuminate/Pipeline/Pipeline.php(180): App\\Http\\Middleware\\XSS->handle()
#15 /home/u313622454/domains/grupocasil.com/public_html/nm/vendor/laravel/framework/src/Illuminate/Auth/Middleware/EnsureEmailIsVerified.php(41): Illuminate\\Pipeline\\Pipeline->Illuminate\\Pipeline\\{closure}()
#16 /home/u313622454/domains/grupocasil.com/public_html/nm/vendor/laravel/framework/src/Illuminate/Pipeline/Pipeline.php(180): Illuminate\\Auth\\Middleware\\EnsureEmailIsVerified->handle()
#17 /home/u313622454/domains/grupocasil.com/public_html/nm/vendor/laravel/framework/src/Illuminate/Routing/Middleware/SubstituteBindings.php(50): Illuminate\\Pipeline\\Pipeline->Illuminate\\Pipeline\\{closure}()
#18 /home/u313622454/domains/grupocasil.com/public_html/nm/vendor/laravel/framework/src/Illuminate/Pipeline/Pipeline.php(180): Illuminate\\Routing\\Middleware\\SubstituteBindings->handle()
#19 /home/u313622454/domains/grupocasil.com/public_html/nm/vendor/laravel/framework/src/Illuminate/Auth/Middleware/Authenticate.php(57): Illuminate\\Pipeline\\Pipeline->Illuminate\\Pipeline\\{closure}()
#20 /home/u313622454/domains/grupocasil.com/public_html/nm/vendor/laravel/framework/src/Illuminate/Pipeline/Pipeline.php(180): Illuminate\\Auth\\Middleware\\Authenticate->handle()
#21 /home/u313622454/domains/grupocasil.com/public_html/nm/vendor/laravel/framework/src/Illuminate/Foundation/Http/Middleware/VerifyCsrfToken.php(78): Illuminate\\Pipeline\\Pipeline->Illuminate\\Pipeline\\{closure}()
#22 /home/u313622454/domains/grupocasil.com/public_html/nm/vendor/laravel/framework/src/Illuminate/Pipeline/Pipeline.php(180): Illuminate\\Foundation\\Http\\Middleware\\VerifyCsrfToken->handle()
#23 /home/u313622454/domains/grupocasil.com/public_html/nm/vendor/laravel/framework/src/Illuminate/View/Middleware/ShareErrorsFromSession.php(49): Illuminate\\Pipeline\\Pipeline->Illuminate\\Pipeline\\{closure}()
#24 /home/u313622454/domains/grupocasil.com/public_html/nm/vendor/laravel/framework/src/Illuminate/Pipeline/Pipeline.php(180): Illuminate\\View\\Middleware\\ShareErrorsFromSession->handle()
#25 /home/u313622454/domains/grupocasil.com/public_html/nm/vendor/laravel/framework/src/Illuminate/Session/Middleware/StartSession.php(121): Illuminate\\Pipeline\\Pipeline->Illuminate\\Pipeline\\{closure}()
#26 /home/u313622454/domains/grupocasil.com/public_html/nm/vendor/laravel/framework/src/Illuminate/Session/Middleware/StartSession.php(64): Illuminate\\Session\\Middleware\\StartSession->handleStatefulRequest()
#27 /home/u313622454/domains/grupocasil.com/public_html/nm/vendor/laravel/framework/src/Illuminate/Pipeline/Pipeline.php(180): Illuminate\\Session\\Middleware\\StartSession->handle()
#28 /home/u313622454/domains/grupocasil.com/public_html/nm/vendor/laravel/framework/src/Illuminate/Cookie/Middleware/AddQueuedCookiesToResponse.php(37): Illuminate\\Pipeline\\Pipeline->Illuminate\\Pipeline\\{closure}()
#29 /home/u313622454/domains/grupocasil.com/public_html/nm/vendor/laravel/framework/src/Illuminate/Pipeline/Pipeline.php(180): Illuminate\\Cookie\\Middleware\\AddQueuedCookiesToResponse->handle()
#30 /home/u313622454/domains/grupocasil.com/public_html/nm/vendor/laravel/framework/src/Illuminate/Cookie/Middleware/EncryptCookies.php(67): Illuminate\\Pipeline\\Pipeline->Illuminate\\Pipeline\\{closure}()
#31 /home/u313622454/domains/grupocasil.com/public_html/nm/vendor/laravel/framework/src/Illuminate/Pipeline/Pipeline.php(180): Illuminate\\Cookie\\Middleware\\EncryptCookies->handle()
#32 /home/u313622454/domains/grupocasil.com/public_html/nm/vendor/laravel/framework/src/Illuminate/Pipeline/Pipeline.php(116): Illuminate\\Pipeline\\Pipeline->Illuminate\\Pipeline\\{closure}()
#33 /home/u313622454/domains/grupocasil.com/public_html/nm/vendor/laravel/framework/src/Illuminate/Routing/Router.php(797): Illuminate\\Pipeline\\Pipeline->then()
#34 /home/u313622454/domains/grupocasil.com/public_html/nm/vendor/laravel/framework/src/Illuminate/Routing/Router.php(776): Illuminate\\Routing\\Router->runRouteWithinStack()
#35 /home/u313622454/domains/grupocasil.com/public_html/nm/vendor/laravel/framework/src/Illuminate/Routing/Router.php(740): Illuminate\\Routing\\Router->runRoute()
#36 /home/u313622454/domains/grupocasil.com/public_html/nm/vendor/laravel/framework/src/Illuminate/Routing/Router.php(729): Illuminate\\Routing\\Router->dispatchToRoute()
#37 /home/u313622454/domains/grupocasil.com/public_html/nm/vendor/laravel/framework/src/Illuminate/Foundation/Http/Kernel.php(200): Illuminate\\Routing\\Router->dispatch()
#38 /home/u313622454/domains/grupocasil.com/public_html/nm/vendor/laravel/framework/src/Illuminate/Pipeline/Pipeline.php(141): Illuminate\\Foundation\\Http\\Kernel->Illuminate\\Foundation\\Http\\{closure}()
#39 /home/u313622454/domains/grupocasil.com/public_html/nm/vendor/barryvdh/laravel-debugbar/src/Middleware/InjectDebugbar.php(59): Illuminate\\Pipeline\\Pipeline->Illuminate\\Pipeline\\{closure}()
#40 /home/u313622454/domains/grupocasil.com/public_html/nm/vendor/laravel/framework/src/Illuminate/Pipeline/Pipeline.php(180): Barryvdh\\Debugbar\\Middleware\\InjectDebugbar->handle()
#41 /home/u313622454/domains/grupocasil.com/public_html/nm/vendor/laravel/framework/src/Illuminate/Foundation/Http/Middleware/TransformsRequest.php(21): Illuminate\\Pipeline\\Pipeline->Illuminate\\Pipeline\\{closure}()
#42 /home/u313622454/domains/grupocasil.com/public_html/nm/vendor/laravel/framework/src/Illuminate/Foundation/Http/Middleware/ConvertEmptyStringsToNull.php(31): Illuminate\\Foundation\\Http\\Middleware\\TransformsRequest->handle()
#43 /home/u313622454/domains/grupocasil.com/public_html/nm/vendor/laravel/framework/src/Illuminate/Pipeline/Pipeline.php(180): Illuminate\\Foundation\\Http\\Middleware\\ConvertEmptyStringsToNull->handle()
#44 /home/u313622454/domains/grupocasil.com/public_html/nm/vendor/laravel/framework/src/Illuminate/Foundation/Http/Middleware/TransformsRequest.php(21): Illuminate\\Pipeline\\Pipeline->Illuminate\\Pipeline\\{closure}()
#45 /home/u313622454/domains/grupocasil.com/public_html/nm/vendor/laravel/framework/src/Illuminate/Foundation/Http/Middleware/TrimStrings.php(40): Illuminate\\Foundation\\Http\\Middleware\\TransformsRequest->handle()
#46 /home/u313622454/domains/grupocasil.com/public_html/nm/vendor/laravel/framework/src/Illuminate/Pipeline/Pipeline.php(180): Illuminate\\Foundation\\Http\\Middleware\\TrimStrings->handle()
#47 /home/u313622454/domains/grupocasil.com/public_html/nm/vendor/laravel/framework/src/Illuminate/Foundation/Http/Middleware/ValidatePostSize.php(27): Illuminate\\Pipeline\\Pipeline->Illuminate\\Pipeline\\{closure}()
#48 /home/u313622454/domains/grupocasil.com/public_html/nm/vendor/laravel/framework/src/Illuminate/Pipeline/Pipeline.php(180): Illuminate\\Foundation\\Http\\Middleware\\ValidatePostSize->handle()
#49 /home/u313622454/domains/grupocasil.com/public_html/nm/vendor/laravel/framework/src/Illuminate/Foundation/Http/Middleware/PreventRequestsDuringMaintenance.php(99): Illuminate\\Pipeline\\Pipeline->Illuminate\\Pipeline\\{closure}()
#50 /home/u313622454/domains/grupocasil.com/public_html/nm/vendor/laravel/framework/src/Illuminate/Pipeline/Pipeline.php(180): Illuminate\\Foundation\\Http\\Middleware\\PreventRequestsDuringMaintenance->handle()
#51 /home/u313622454/domains/grupocasil.com/public_html/nm/vendor/laravel/framework/src/Illuminate/Http/Middleware/TrustProxies.php(39): Illuminate\\Pipeline\\Pipeline->Illuminate\\Pipeline\\{closure}()
#52 /home/u313622454/domains/grupocasil.com/public_html/nm/vendor/laravel/framework/src/Illuminate/Pipeline/Pipeline.php(180): Illuminate\\Http\\Middleware\\TrustProxies->handle()
#53 /home/u313622454/domains/grupocasil.com/public_html/nm/vendor/laravel/framework/src/Illuminate/Pipeline/Pipeline.php(116): Illuminate\\Pipeline\\Pipeline->Illuminate\\Pipeline\\{closure}()
#54 /home/u313622454/domains/grupocasil.com/public_html/nm/vendor/laravel/framework/src/Illuminate/Foundation/Http/Kernel.php(175): Illuminate\\Pipeline\\Pipeline->then()
#55 /home/u313622454/domains/grupocasil.com/public_html/nm/vendor/laravel/framework/src/Illuminate/Foundation/Http/Kernel.php(144): Illuminate\\Foundation\\Http\\Kernel->sendRequestThroughRouter()
#56 /home/u313622454/domains/grupocasil.com/public_html/nm/public/index.php(51): Illuminate\\Foundation\\Http\\Kernel->handle()
#57 /home/u313622454/domains/grupocasil.com/public_html/nm/index.php(21): require_once('/home/u31362245...')
#58 {main}
"} 
[2024-04-03 08:30:47] local.ERROR: SQLSTATE[HY000] [1130] Host '127.0.0.1' is not allowed to connect to this MariaDB server (Connection: mysql, SQL: select * from `users` where `id` = 4 limit 1) {"userId":4,"exception":"[object] (Illuminate\\Database\\QueryException(code: 1130): SQLSTATE[HY000] [1130] Host '127.0.0.1' is not allowed to connect to this MariaDB server (Connection: mysql, SQL: select * from `users` where `id` = 4 limit 1) at /home/u313622454/domains/grupocasil.com/public_html/nm/vendor/laravel/framework/src/Illuminate/Database/Connection.php:801)
[stacktrace]
#0 /home/u313622454/domains/grupocasil.com/public_html/nm/vendor/laravel/framework/src/Illuminate/Database/Connection.php(755): Illuminate\\Database\\Connection->runQueryCallback()
#1 /home/u313622454/domains/grupocasil.com/public_html/nm/vendor/laravel/framework/src/Illuminate/Database/Connection.php(407): Illuminate\\Database\\Connection->run()
#2 /home/u313622454/domains/grupocasil.com/public_html/nm/vendor/laravel/framework/src/Illuminate/Database/Query/Builder.php(2751): Illuminate\\Database\\Connection->select()
#3 /home/u313622454/domains/grupocasil.com/public_html/nm/vendor/laravel/framework/src/Illuminate/Database/Query/Builder.php(2740): Illuminate\\Database\\Query\\Builder->runSelect()
#4 /home/u313622454/domains/grupocasil.com/public_html/nm/vendor/laravel/framework/src/Illuminate/Database/Query/Builder.php(3294): Illuminate\\Database\\Query\\Builder->Illuminate\\Database\\Query\\{closure}()
#5 /home/u313622454/domains/grupocasil.com/public_html/nm/vendor/laravel/framework/src/Illuminate/Database/Query/Builder.php(2739): Illuminate\\Database\\Query\\Builder->onceWithColumns()
#6 /home/u313622454/domains/grupocasil.com/public_html/nm/vendor/laravel/framework/src/Illuminate/Database/Eloquent/Builder.php(737): Illuminate\\Database\\Query\\Builder->get()
#7 /home/u313622454/domains/grupocasil.com/public_html/nm/vendor/laravel/framework/src/Illuminate/Database/Eloquent/Builder.php(721): Illuminate\\Database\\Eloquent\\Builder->getModels()
#8 /home/u313622454/domains/grupocasil.com/public_html/nm/vendor/laravel/framework/src/Illuminate/Database/Concerns/BuildsQueries.php(333): Illuminate\\Database\\Eloquent\\Builder->get()
#9 /home/u313622454/domains/grupocasil.com/public_html/nm/vendor/laravel/framework/src/Illuminate/Auth/EloquentUserProvider.php(59): Illuminate\\Database\\Eloquent\\Builder->first()
#10 /home/u313622454/domains/grupocasil.com/public_html/nm/vendor/laravel/framework/src/Illuminate/Auth/SessionGuard.php(159): Illuminate\\Auth\\EloquentUserProvider->retrieveById()
#11 /home/u313622454/domains/grupocasil.com/public_html/nm/vendor/laravel/framework/src/Illuminate/Auth/GuardHelpers.php(60): Illuminate\\Auth\\SessionGuard->user()
#12 /home/u313622454/domains/grupocasil.com/public_html/nm/vendor/laravel/framework/src/Illuminate/Auth/Middleware/Authenticate.php(76): Illuminate\\Auth\\SessionGuard->check()
#13 /home/u313622454/domains/grupocasil.com/public_html/nm/vendor/laravel/framework/src/Illuminate/Auth/Middleware/Authenticate.php(55): Illuminate\\Auth\\Middleware\\Authenticate->authenticate()
#14 /home/u313622454/domains/grupocasil.com/public_html/nm/vendor/laravel/framework/src/Illuminate/Pipeline/Pipeline.php(180): Illuminate\\Auth\\Middleware\\Authenticate->handle()
#15 /home/u313622454/domains/grupocasil.com/public_html/nm/vendor/laravel/framework/src/Illuminate/Foundation/Http/Middleware/VerifyCsrfToken.php(78): Illuminate\\Pipeline\\Pipeline->Illuminate\\Pipeline\\{closure}()
#16 /home/u313622454/domains/grupocasil.com/public_html/nm/vendor/laravel/framework/src/Illuminate/Pipeline/Pipeline.php(180): Illuminate\\Foundation\\Http\\Middleware\\VerifyCsrfToken->handle()
#17 /home/u313622454/domains/grupocasil.com/public_html/nm/vendor/laravel/framework/src/Illuminate/View/Middleware/ShareErrorsFromSession.php(49): Illuminate\\Pipeline\\Pipeline->Illuminate\\Pipeline\\{closure}()
#18 /home/u313622454/domains/grupocasil.com/public_html/nm/vendor/laravel/framework/src/Illuminate/Pipeline/Pipeline.php(180): Illuminate\\View\\Middleware\\ShareErrorsFromSession->handle()
#19 /home/u313622454/domains/grupocasil.com/public_html/nm/vendor/laravel/framework/src/Illuminate/Session/Middleware/StartSession.php(121): Illuminate\\Pipeline\\Pipeline->Illuminate\\Pipeline\\{closure}()
#20 /home/u313622454/domains/grupocasil.com/public_html/nm/vendor/laravel/framework/src/Illuminate/Session/Middleware/StartSession.php(64): Illuminate\\Session\\Middleware\\StartSession->handleStatefulRequest()
#21 /home/u313622454/domains/grupocasil.com/public_html/nm/vendor/laravel/framework/src/Illuminate/Pipeline/Pipeline.php(180): Illuminate\\Session\\Middleware\\StartSession->handle()
#22 /home/u313622454/domains/grupocasil.com/public_html/nm/vendor/laravel/framework/src/Illuminate/Cookie/Middleware/AddQueuedCookiesToResponse.php(37): Illuminate\\Pipeline\\Pipeline->Illuminate\\Pipeline\\{closure}()
#23 /home/u313622454/domains/grupocasil.com/public_html/nm/vendor/laravel/framework/src/Illuminate/Pipeline/Pipeline.php(180): Illuminate\\Cookie\\Middleware\\AddQueuedCookiesToResponse->handle()
#24 /home/u313622454/domains/grupocasil.com/public_html/nm/vendor/laravel/framework/src/Illuminate/Cookie/Middleware/EncryptCookies.php(67): Illuminate\\Pipeline\\Pipeline->Illuminate\\Pipeline\\{closure}()
#25 /home/u313622454/domains/grupocasil.com/public_html/nm/vendor/laravel/framework/src/Illuminate/Pipeline/Pipeline.php(180): Illuminate\\Cookie\\Middleware\\EncryptCookies->handle()
#26 /home/u313622454/domains/grupocasil.com/public_html/nm/vendor/laravel/framework/src/Illuminate/Pipeline/Pipeline.php(116): Illuminate\\Pipeline\\Pipeline->Illuminate\\Pipeline\\{closure}()
#27 /home/u313622454/domains/grupocasil.com/public_html/nm/vendor/laravel/framework/src/Illuminate/Routing/Router.php(797): Illuminate\\Pipeline\\Pipeline->then()
#28 /home/u313622454/domains/grupocasil.com/public_html/nm/vendor/laravel/framework/src/Illuminate/Routing/Router.php(776): Illuminate\\Routing\\Router->runRouteWithinStack()
#29 /home/u313622454/domains/grupocasil.com/public_html/nm/vendor/laravel/framework/src/Illuminate/Routing/Router.php(740): Illuminate\\Routing\\Router->runRoute()
#30 /home/u313622454/domains/grupocasil.com/public_html/nm/vendor/laravel/framework/src/Illuminate/Routing/Router.php(729): Illuminate\\Routing\\Router->dispatchToRoute()
#31 /home/u313622454/domains/grupocasil.com/public_html/nm/vendor/laravel/framework/src/Illuminate/Foundation/Http/Kernel.php(200): Illuminate\\Routing\\Router->dispatch()
#32 /home/u313622454/domains/grupocasil.com/public_html/nm/vendor/laravel/framework/src/Illuminate/Pipeline/Pipeline.php(141): Illuminate\\Foundation\\Http\\Kernel->Illuminate\\Foundation\\Http\\{closure}()
#33 /home/u313622454/domains/grupocasil.com/public_html/nm/vendor/barryvdh/laravel-debugbar/src/Middleware/InjectDebugbar.php(59): Illuminate\\Pipeline\\Pipeline->Illuminate\\Pipeline\\{closure}()
#34 /home/u313622454/domains/grupocasil.com/public_html/nm/vendor/laravel/framework/src/Illuminate/Pipeline/Pipeline.php(180): Barryvdh\\Debugbar\\Middleware\\InjectDebugbar->handle()
#35 /home/u313622454/domains/grupocasil.com/public_html/nm/vendor/laravel/framework/src/Illuminate/Foundation/Http/Middleware/TransformsRequest.php(21): Illuminate\\Pipeline\\Pipeline->Illuminate\\Pipeline\\{closure}()
#36 /home/u313622454/domains/grupocasil.com/public_html/nm/vendor/laravel/framework/src/Illuminate/Foundation/Http/Middleware/ConvertEmptyStringsToNull.php(31): Illuminate\\Foundation\\Http\\Middleware\\TransformsRequest->handle()
#37 /home/u313622454/domains/grupocasil.com/public_html/nm/vendor/laravel/framework/src/Illuminate/Pipeline/Pipeline.php(180): Illuminate\\Foundation\\Http\\Middleware\\ConvertEmptyStringsToNull->handle()
#38 /home/u313622454/domains/grupocasil.com/public_html/nm/vendor/laravel/framework/src/Illuminate/Foundation/Http/Middleware/TransformsRequest.php(21): Illuminate\\Pipeline\\Pipeline->Illuminate\\Pipeline\\{closure}()
#39 /home/u313622454/domains/grupocasil.com/public_html/nm/vendor/laravel/framework/src/Illuminate/Foundation/Http/Middleware/TrimStrings.php(40): Illuminate\\Foundation\\Http\\Middleware\\TransformsRequest->handle()
#40 /home/u313622454/domains/grupocasil.com/public_html/nm/vendor/laravel/framework/src/Illuminate/Pipeline/Pipeline.php(180): Illuminate\\Foundation\\Http\\Middleware\\TrimStrings->handle()
#41 /home/u313622454/domains/grupocasil.com/public_html/nm/vendor/laravel/framework/src/Illuminate/Foundation/Http/Middleware/ValidatePostSize.php(27): Illuminate\\Pipeline\\Pipeline->Illuminate\\Pipeline\\{closure}()
#42 /home/u313622454/domains/grupocasil.com/public_html/nm/vendor/laravel/framework/src/Illuminate/Pipeline/Pipeline.php(180): Illuminate\\Foundation\\Http\\Middleware\\ValidatePostSize->handle()
#43 /home/u313622454/domains/grupocasil.com/public_html/nm/vendor/laravel/framework/src/Illuminate/Foundation/Http/Middleware/PreventRequestsDuringMaintenance.php(99): Illuminate\\Pipeline\\Pipeline->Illuminate\\Pipeline\\{closure}()
#44 /home/u313622454/domains/grupocasil.com/public_html/nm/vendor/laravel/framework/src/Illuminate/Pipeline/Pipeline.php(180): Illuminate\\Foundation\\Http\\Middleware\\PreventRequestsDuringMaintenance->handle()
#45 /home/u313622454/domains/grupocasil.com/public_html/nm/vendor/laravel/framework/src/Illuminate/Http/Middleware/TrustProxies.php(39): Illuminate\\Pipeline\\Pipeline->Illuminate\\Pipeline\\{closure}()
#46 /home/u313622454/domains/grupocasil.com/public_html/nm/vendor/laravel/framework/src/Illuminate/Pipeline/Pipeline.php(180): Illuminate\\Http\\Middleware\\TrustProxies->handle()
#47 /home/u313622454/domains/grupocasil.com/public_html/nm/vendor/laravel/framework/src/Illuminate/Pipeline/Pipeline.php(116): Illuminate\\Pipeline\\Pipeline->Illuminate\\Pipeline\\{closure}()
#48 /home/u313622454/domains/grupocasil.com/public_html/nm/vendor/laravel/framework/src/Illuminate/Foundation/Http/Kernel.php(175): Illuminate\\Pipeline\\Pipeline->then()
#49 /home/u313622454/domains/grupocasil.com/public_html/nm/vendor/laravel/framework/src/Illuminate/Foundation/Http/Kernel.php(144): Illuminate\\Foundation\\Http\\Kernel->sendRequestThroughRouter()
#50 /home/u313622454/domains/grupocasil.com/public_html/nm/public/index.php(51): Illuminate\\Foundation\\Http\\Kernel->handle()
#51 /home/u313622454/domains/grupocasil.com/public_html/nm/index.php(21): require_once('/home/u31362245...')
#52 {main}

[previous exception] [object] (PDOException(code: 1130): SQLSTATE[HY000] [1130] Host '127.0.0.1' is not allowed to connect to this MariaDB server at /home/u313622454/domains/grupocasil.com/public_html/nm/vendor/laravel/framework/src/Illuminate/Database/Connectors/Connector.php:65)
[stacktrace]
#0 /home/u313622454/domains/grupocasil.com/public_html/nm/vendor/laravel/framework/src/Illuminate/Database/Connectors/Connector.php(65): PDO->__construct()
#1 /home/u313622454/domains/grupocasil.com/public_html/nm/vendor/laravel/framework/src/Illuminate/Database/Connectors/Connector.php(44): Illuminate\\Database\\Connectors\\Connector->createPdoConnection()
#2 /home/u313622454/domains/grupocasil.com/public_html/nm/vendor/laravel/framework/src/Illuminate/Database/Connectors/MySqlConnector.php(24): Illuminate\\Database\\Connectors\\Connector->createConnection()
#3 /home/u313622454/domains/grupocasil.com/public_html/nm/vendor/laravel/framework/src/Illuminate/Database/Connectors/ConnectionFactory.php(184): Illuminate\\Database\\Connectors\\MySqlConnector->connect()
#4 [internal function]: Illuminate\\Database\\Connectors\\ConnectionFactory->Illuminate\\Database\\Connectors\\{closure}()
#5 /home/u313622454/domains/grupocasil.com/public_html/nm/vendor/laravel/framework/src/Illuminate/Database/Connection.php(1292): call_user_func()
#6 /home/u313622454/domains/grupocasil.com/public_html/nm/vendor/laravel/framework/src/Illuminate/Database/Connection.php(1328): Illuminate\\Database\\Connection->getPdo()
#7 /home/u313622454/domains/grupocasil.com/public_html/nm/vendor/laravel/framework/src/Illuminate/Database/Connection.php(521): Illuminate\\Database\\Connection->getReadPdo()
#8 /home/u313622454/domains/grupocasil.com/public_html/nm/vendor/laravel/framework/src/Illuminate/Database/Connection.php(416): Illuminate\\Database\\Connection->getPdoForSelect()
#9 /home/u313622454/domains/grupocasil.com/public_html/nm/vendor/laravel/framework/src/Illuminate/Database/Connection.php(788): Illuminate\\Database\\Connection->Illuminate\\Database\\{closure}()
#10 /home/u313622454/domains/grupocasil.com/public_html/nm/vendor/laravel/framework/src/Illuminate/Database/Connection.php(755): Illuminate\\Database\\Connection->runQueryCallback()
#11 /home/u313622454/domains/grupocasil.com/public_html/nm/vendor/laravel/framework/src/Illuminate/Database/Connection.php(407): Illuminate\\Database\\Connection->run()
#12 /home/u313622454/domains/grupocasil.com/public_html/nm/vendor/laravel/framework/src/Illuminate/Database/Query/Builder.php(2751): Illuminate\\Database\\Connection->select()
#13 /home/u313622454/domains/grupocasil.com/public_html/nm/vendor/laravel/framework/src/Illuminate/Database/Query/Builder.php(2740): Illuminate\\Database\\Query\\Builder->runSelect()
#14 /home/u313622454/domains/grupocasil.com/public_html/nm/vendor/laravel/framework/src/Illuminate/Database/Query/Builder.php(3294): Illuminate\\Database\\Query\\Builder->Illuminate\\Database\\Query\\{closure}()
#15 /home/u313622454/domains/grupocasil.com/public_html/nm/vendor/laravel/framework/src/Illuminate/Database/Query/Builder.php(2739): Illuminate\\Database\\Query\\Builder->onceWithColumns()
#16 /home/u313622454/domains/grupocasil.com/public_html/nm/vendor/laravel/framework/src/Illuminate/Database/Eloquent/Builder.php(737): Illuminate\\Database\\Query\\Builder->get()
#17 /home/u313622454/domains/grupocasil.com/public_html/nm/vendor/laravel/framework/src/Illuminate/Database/Eloquent/Builder.php(721): Illuminate\\Database\\Eloquent\\Builder->getModels()
#18 /home/u313622454/domains/grupocasil.com/public_html/nm/vendor/laravel/framework/src/Illuminate/Database/Concerns/BuildsQueries.php(333): Illuminate\\Database\\Eloquent\\Builder->get()
#19 /home/u313622454/domains/grupocasil.com/public_html/nm/vendor/laravel/framework/src/Illuminate/Auth/EloquentUserProvider.php(59): Illuminate\\Database\\Eloquent\\Builder->first()
#20 /home/u313622454/domains/grupocasil.com/public_html/nm/vendor/laravel/framework/src/Illuminate/Auth/SessionGuard.php(159): Illuminate\\Auth\\EloquentUserProvider->retrieveById()
#21 /home/u313622454/domains/grupocasil.com/public_html/nm/vendor/laravel/framework/src/Illuminate/Auth/GuardHelpers.php(60): Illuminate\\Auth\\SessionGuard->user()
#22 /home/u313622454/domains/grupocasil.com/public_html/nm/vendor/laravel/framework/src/Illuminate/Auth/Middleware/Authenticate.php(76): Illuminate\\Auth\\SessionGuard->check()
#23 /home/u313622454/domains/grupocasil.com/public_html/nm/vendor/laravel/framework/src/Illuminate/Auth/Middleware/Authenticate.php(55): Illuminate\\Auth\\Middleware\\Authenticate->authenticate()
#24 /home/u313622454/domains/grupocasil.com/public_html/nm/vendor/laravel/framework/src/Illuminate/Pipeline/Pipeline.php(180): Illuminate\\Auth\\Middleware\\Authenticate->handle()
#25 /home/u313622454/domains/grupocasil.com/public_html/nm/vendor/laravel/framework/src/Illuminate/Foundation/Http/Middleware/VerifyCsrfToken.php(78): Illuminate\\Pipeline\\Pipeline->Illuminate\\Pipeline\\{closure}()
#26 /home/u313622454/domains/grupocasil.com/public_html/nm/vendor/laravel/framework/src/Illuminate/Pipeline/Pipeline.php(180): Illuminate\\Foundation\\Http\\Middleware\\VerifyCsrfToken->handle()
#27 /home/u313622454/domains/grupocasil.com/public_html/nm/vendor/laravel/framework/src/Illuminate/View/Middleware/ShareErrorsFromSession.php(49): Illuminate\\Pipeline\\Pipeline->Illuminate\\Pipeline\\{closure}()
#28 /home/u313622454/domains/grupocasil.com/public_html/nm/vendor/laravel/framework/src/Illuminate/Pipeline/Pipeline.php(180): Illuminate\\View\\Middleware\\ShareErrorsFromSession->handle()
#29 /home/u313622454/domains/grupocasil.com/public_html/nm/vendor/laravel/framework/src/Illuminate/Session/Middleware/StartSession.php(121): Illuminate\\Pipeline\\Pipeline->Illuminate\\Pipeline\\{closure}()
#30 /home/u313622454/domains/grupocasil.com/public_html/nm/vendor/laravel/framework/src/Illuminate/Session/Middleware/StartSession.php(64): Illuminate\\Session\\Middleware\\StartSession->handleStatefulRequest()
#31 /home/u313622454/domains/grupocasil.com/public_html/nm/vendor/laravel/framework/src/Illuminate/Pipeline/Pipeline.php(180): Illuminate\\Session\\Middleware\\StartSession->handle()
#32 /home/u313622454/domains/grupocasil.com/public_html/nm/vendor/laravel/framework/src/Illuminate/Cookie/Middleware/AddQueuedCookiesToResponse.php(37): Illuminate\\Pipeline\\Pipeline->Illuminate\\Pipeline\\{closure}()
#33 /home/u313622454/domains/grupocasil.com/public_html/nm/vendor/laravel/framework/src/Illuminate/Pipeline/Pipeline.php(180): Illuminate\\Cookie\\Middleware\\AddQueuedCookiesToResponse->handle()
#34 /home/u313622454/domains/grupocasil.com/public_html/nm/vendor/laravel/framework/src/Illuminate/Cookie/Middleware/EncryptCookies.php(67): Illuminate\\Pipeline\\Pipeline->Illuminate\\Pipeline\\{closure}()
#35 /home/u313622454/domains/grupocasil.com/public_html/nm/vendor/laravel/framework/src/Illuminate/Pipeline/Pipeline.php(180): Illuminate\\Cookie\\Middleware\\EncryptCookies->handle()
#36 /home/u313622454/domains/grupocasil.com/public_html/nm/vendor/laravel/framework/src/Illuminate/Pipeline/Pipeline.php(116): Illuminate\\Pipeline\\Pipeline->Illuminate\\Pipeline\\{closure}()
#37 /home/u313622454/domains/grupocasil.com/public_html/nm/vendor/laravel/framework/src/Illuminate/Routing/Router.php(797): Illuminate\\Pipeline\\Pipeline->then()
#38 /home/u313622454/domains/grupocasil.com/public_html/nm/vendor/laravel/framework/src/Illuminate/Routing/Router.php(776): Illuminate\\Routing\\Router->runRouteWithinStack()
#39 /home/u313622454/domains/grupocasil.com/public_html/nm/vendor/laravel/framework/src/Illuminate/Routing/Router.php(740): Illuminate\\Routing\\Router->runRoute()
#40 /home/u313622454/domains/grupocasil.com/public_html/nm/vendor/laravel/framework/src/Illuminate/Routing/Router.php(729): Illuminate\\Routing\\Router->dispatchToRoute()
#41 /home/u313622454/domains/grupocasil.com/public_html/nm/vendor/laravel/framework/src/Illuminate/Foundation/Http/Kernel.php(200): Illuminate\\Routing\\Router->dispatch()
#42 /home/u313622454/domains/grupocasil.com/public_html/nm/vendor/laravel/framework/src/Illuminate/Pipeline/Pipeline.php(141): Illuminate\\Foundation\\Http\\Kernel->Illuminate\\Foundation\\Http\\{closure}()
#43 /home/u313622454/domains/grupocasil.com/public_html/nm/vendor/barryvdh/laravel-debugbar/src/Middleware/InjectDebugbar.php(59): Illuminate\\Pipeline\\Pipeline->Illuminate\\Pipeline\\{closure}()
#44 /home/u313622454/domains/grupocasil.com/public_html/nm/vendor/laravel/framework/src/Illuminate/Pipeline/Pipeline.php(180): Barryvdh\\Debugbar\\Middleware\\InjectDebugbar->handle()
#45 /home/u313622454/domains/grupocasil.com/public_html/nm/vendor/laravel/framework/src/Illuminate/Foundation/Http/Middleware/TransformsRequest.php(21): Illuminate\\Pipeline\\Pipeline->Illuminate\\Pipeline\\{closure}()
#46 /home/u313622454/domains/grupocasil.com/public_html/nm/vendor/laravel/framework/src/Illuminate/Foundation/Http/Middleware/ConvertEmptyStringsToNull.php(31): Illuminate\\Foundation\\Http\\Middleware\\TransformsRequest->handle()
#47 /home/u313622454/domains/grupocasil.com/public_html/nm/vendor/laravel/framework/src/Illuminate/Pipeline/Pipeline.php(180): Illuminate\\Foundation\\Http\\Middleware\\ConvertEmptyStringsToNull->handle()
#48 /home/u313622454/domains/grupocasil.com/public_html/nm/vendor/laravel/framework/src/Illuminate/Foundation/Http/Middleware/TransformsRequest.php(21): Illuminate\\Pipeline\\Pipeline->Illuminate\\Pipeline\\{closure}()
#49 /home/u313622454/domains/grupocasil.com/public_html/nm/vendor/laravel/framework/src/Illuminate/Foundation/Http/Middleware/TrimStrings.php(40): Illuminate\\Foundation\\Http\\Middleware\\TransformsRequest->handle()
#50 /home/u313622454/domains/grupocasil.com/public_html/nm/vendor/laravel/framework/src/Illuminate/Pipeline/Pipeline.php(180): Illuminate\\Foundation\\Http\\Middleware\\TrimStrings->handle()
#51 /home/u313622454/domains/grupocasil.com/public_html/nm/vendor/laravel/framework/src/Illuminate/Foundation/Http/Middleware/ValidatePostSize.php(27): Illuminate\\Pipeline\\Pipeline->Illuminate\\Pipeline\\{closure}()
#52 /home/u313622454/domains/grupocasil.com/public_html/nm/vendor/laravel/framework/src/Illuminate/Pipeline/Pipeline.php(180): Illuminate\\Foundation\\Http\\Middleware\\ValidatePostSize->handle()
#53 /home/u313622454/domains/grupocasil.com/public_html/nm/vendor/laravel/framework/src/Illuminate/Foundation/Http/Middleware/PreventRequestsDuringMaintenance.php(99): Illuminate\\Pipeline\\Pipeline->Illuminate\\Pipeline\\{closure}()
#54 /home/u313622454/domains/grupocasil.com/public_html/nm/vendor/laravel/framework/src/Illuminate/Pipeline/Pipeline.php(180): Illuminate\\Foundation\\Http\\Middleware\\PreventRequestsDuringMaintenance->handle()
#55 /home/u313622454/domains/grupocasil.com/public_html/nm/vendor/laravel/framework/src/Illuminate/Http/Middleware/TrustProxies.php(39): Illuminate\\Pipeline\\Pipeline->Illuminate\\Pipeline\\{closure}()
#56 /home/u313622454/domains/grupocasil.com/public_html/nm/vendor/laravel/framework/src/Illuminate/Pipeline/Pipeline.php(180): Illuminate\\Http\\Middleware\\TrustProxies->handle()
#57 /home/u313622454/domains/grupocasil.com/public_html/nm/vendor/laravel/framework/src/Illuminate/Pipeline/Pipeline.php(116): Illuminate\\Pipeline\\Pipeline->Illuminate\\Pipeline\\{closure}()
#58 /home/u313622454/domains/grupocasil.com/public_html/nm/vendor/laravel/framework/src/Illuminate/Foundation/Http/Kernel.php(175): Illuminate\\Pipeline\\Pipeline->then()
#59 /home/u313622454/domains/grupocasil.com/public_html/nm/vendor/laravel/framework/src/Illuminate/Foundation/Http/Kernel.php(144): Illuminate\\Foundation\\Http\\Kernel->sendRequestThroughRouter()
#60 /home/u313622454/domains/grupocasil.com/public_html/nm/public/index.php(51): Illuminate\\Foundation\\Http\\Kernel->handle()
#61 /home/u313622454/domains/grupocasil.com/public_html/nm/index.php(21): require_once('/home/u31362245...')
#62 {main}
"} 
